[themewagon.github.io/kider/index.html]
[backblue.gif]
[fade.gif]
[index.html]
[themewagon.github.io/kider/img/favicon.ico]
[fonts.googleapis.com/index.html]
[cdnjs.cloudflare.com/ajax/libs/font-awesome/5.10.0/css/all.min.css]
[cdn.jsdelivr.net/npm/bootstrap-icons@1.4.1/font/bootstrap-icons.css]
[themewagon.github.io/kider/lib/animate/animate.min.css]
[themewagon.github.io/kider/lib/owlcarousel/assets/owl.carousel.min.css]
[themewagon.github.io/kider/css/bootstrap.min.css]
[themewagon.github.io/kider/css/style.css]
[themewagon.github.io/kider/index-2.html]
[themewagon.github.io/kider/about.html]
[themewagon.github.io/kider/classes.html]
[themewagon.github.io/kider/facility.html]
[themewagon.github.io/kider/team.html]
[themewagon.github.io/kider/call-to-action.html]
[themewagon.github.io/kider/appointment.html]
[themewagon.github.io/kider/testimonial.html]
[themewagon.github.io/kider/404.html]
[themewagon.github.io/kider/contact.html]
[themewagon.github.io/kider/img/carousel-1.jpg]
[themewagon.github.io/kider/img/carousel-2.jpg]
[themewagon.github.io/kider/img/user.jpg]
[themewagon.github.io/kider/img/about-1.jpg]
[themewagon.github.io/kider/img/about-2.jpg]
[themewagon.github.io/kider/img/about-3.jpg]
[themewagon.github.io/kider/img/call-to-action.jpg]
[themewagon.github.io/kider/img/classes-1.jpg]
[themewagon.github.io/kider/img/classes-2.jpg]
[themewagon.github.io/kider/img/classes-3.jpg]
[themewagon.github.io/kider/img/classes-4.jpg]
[themewagon.github.io/kider/img/classes-5.jpg]
[themewagon.github.io/kider/img/classes-6.jpg]
[themewagon.github.io/kider/img/appointment.jpg]
[themewagon.github.io/kider/img/team-1.jpg]
[themewagon.github.io/kider/img/team-2.jpg]
[themewagon.github.io/kider/img/team-3.jpg]
[themewagon.github.io/kider/img/testimonial-1.jpg]
[themewagon.github.io/kider/img/testimonial-2.jpg]
[themewagon.github.io/kider/img/testimonial-3.jpg]
[code.jquery.com/jquery-3.4.1.min.js]
[themewagon.github.io/kider/lib/wow/wow.min.js]
[cdn.jsdelivr.net/npm/bootstrap@5.0.0/dist/js/bootstrap.bundle.min.js]
[themewagon.github.io/kider/lib/easing/easing.min.js]
[themewagon.github.io/kider/lib/waypoints/waypoints.min.js]
[themewagon.github.io/kider/lib/owlcarousel/owl.carousel.min.js]
[themewagon.github.io/kider/js/main.js]
[themewagon.github.io/kider/index.html]
[fonts.googleapis.com/index.html]
[fonts.gstatic.com/index.html]
[fonts.googleapis.com/css29db5.css]
[themewagon.github.io/kider/index-2.html]
[themewagon.github.io/kider/about.html]
[themewagon.github.io/kider/classes.html]
[themewagon.github.io/kider/facility.html]
[themewagon.github.io/kider/team.html]
[themewagon.github.io/kider/call-to-action.html]
[themewagon.github.io/kider/appointment.html]
[themewagon.github.io/kider/testimonial.html]
[themewagon.github.io/kider/404.html]
[themewagon.github.io/kider/contact.html]
[themewagon.github.io/kider/img/favicon.html]
[themewagon.github.io/kider/img/carousel-1.jpg]
[cdnjs.cloudflare.com/ajax/libs/font-awesome/5.10.0/webfonts/fa-brands-400.svg]
[cdnjs.cloudflare.com/ajax/libs/font-awesome/5.10.0/webfonts/fa-regular-400.svg]
[cdnjs.cloudflare.com/ajax/libs/font-awesome/5.10.0/css/all.min.css]
[cdnjs.cloudflare.com/ajax/libs/font-awesome/5.10.0/webfonts/fa-solid-900.svg]
[cdn.jsdelivr.net/npm/bootstrap-icons@1.4.1/font/fonts/bootstrap-iconsfb95.woff2]
[cdn.jsdelivr.net/npm/bootstrap-icons@1.4.1/font/fonts/bootstrap-iconsfb95.woff]
[cdn.jsdelivr.net/npm/bootstrap-icons@1.4.1/font/bootstrap-icons.css]
[themewagon.github.io/kider/lib/animate/animate.min.css]
[themewagon.github.io/kider/lib/owlcarousel/assets/owl.carousel.min.css]
[themewagon.github.io/kider/css/bootstrap.min.css]
[themewagon.github.io/kider/lib/owlcarousel/assets/owl.video.play.png]
[themewagon.github.io/kider/img/bg-header-top.png]
[themewagon.github.io/kider/img/bg-header-bottom.png]
[themewagon.github.io/kider/css/style.css]
[cdnjs.cloudflare.com/ajax/libs/font-awesome/5.10.0/webfonts/fa-brands-400.svg]
[cdnjs.cloudflare.com/ajax/libs/font-awesome/5.10.0/webfonts/fa-regular-400.svg]
[cdnjs.cloudflare.com/ajax/libs/font-awesome/5.10.0/webfonts/fa-solid-900.svg]
